-- Found ament_cmake: 1.3.12 (/opt/ros/humble/share/ament_cmake/cmake)
-- Found rclcpp: 16.0.14 (/opt/ros/humble/share/rclcpp/cmake)
-- Found rosidl_generator_c: 3.1.7 (/opt/ros/humble/share/rosidl_generator_c/cmake)
-- Found rosidl_adapter: 3.1.7 (/opt/ros/humble/share/rosidl_adapter/cmake)
-- Found rosidl_generator_cpp: 3.1.7 (/opt/ros/humble/share/rosidl_generator_cpp/cmake)
-- Using all available rosidl_typesupport_c: rosidl_typesupport_fastrtps_c;rosidl_typesupport_introspection_c
-- Using all available rosidl_typesupport_cpp: rosidl_typesupport_fastrtps_cpp;rosidl_typesupport_introspection_cpp
-- Found rmw_implementation_cmake: 6.1.2 (/opt/ros/humble/share/rmw_implementation_cmake/cmake)
-- Found rmw_fastrtps_cpp: 6.2.8 (/opt/ros/humble/share/rmw_fastrtps_cpp/cmake)
-- Using RMW implementation 'rmw_fastrtps_cpp' as default
-- Found sensor_msgs: 4.9.0 (/opt/ros/humble/share/sensor_msgs/cmake)
-- Found nav_msgs: 4.9.0 (/opt/ros/humble/share/nav_msgs/cmake)
-- Performing Test HAVE_STDATOMIC
-- Performing Test HAVE_STDATOMIC - Success
-- Found WrapAtomic: TRUE  
-- Found OpenGL: /usr/lib/x86_64-linux-gnu/libOpenGL.so   
-- Found WrapOpenGL: TRUE  
-- Found XKB: /usr/lib/x86_64-linux-gnu/libxkbcommon.so (found suitable version "1.4.0", minimum required is "0.5.0") 
-- Found WrapVulkanHeaders: /usr/include  
-- Found ament_lint_auto: 0.12.14 (/opt/ros/humble/share/ament_lint_auto/cmake)
WARNING: Package name "SpaceGUI" does not follow the naming conventions. It should start with a lower case letter and only contain lower case letters, digits, underscores, and dashes.
-- Added test 'cppcheck' to perform static code analysis on C / C++ code
-- Configured cppcheck include dirs: $<BUILD_INTERFACE:/home/cameron/SpaceGUI/src/SpaceGUI/include>
-- Configured cppcheck exclude dirs and/or files: 
-- Added test 'lint_cmake' to check CMake code style
-- Added test 'uncrustify' to check C / C++ code style
-- Configured uncrustify additional arguments: 
-- Added test 'xmllint' to check XML markup files
-- Configuring done
-- Generating done
-- Build files have been written to: /home/cameron/SpaceGUI/src/build/SpaceGUI
[ 50%] [32mBuilding CXX object CMakeFiles/AstroGUI.dir/src/AstroGUI.cpp.o[0m
[100%] [32m[1mLinking CXX executable AstroGUI[0m
[100%] Built target AstroGUI
-- Install configuration: ""
-- Installing: /home/cameron/SpaceGUI/src/install/SpaceGUI/lib/SpaceGUI/AstroGUI
-- Installing: /home/cameron/SpaceGUI/src/install/SpaceGUI/share/ament_index/resource_index/package_run_dependencies/SpaceGUI
-- Installing: /home/cameron/SpaceGUI/src/install/SpaceGUI/share/ament_index/resource_index/parent_prefix_path/SpaceGUI
-- Installing: /home/cameron/SpaceGUI/src/install/SpaceGUI/share/SpaceGUI/environment/ament_prefix_path.sh
-- Installing: /home/cameron/SpaceGUI/src/install/SpaceGUI/share/SpaceGUI/environment/ament_prefix_path.dsv
-- Installing: /home/cameron/SpaceGUI/src/install/SpaceGUI/share/SpaceGUI/environment/path.sh
-- Installing: /home/cameron/SpaceGUI/src/install/SpaceGUI/share/SpaceGUI/environment/path.dsv
-- Installing: /home/cameron/SpaceGUI/src/install/SpaceGUI/share/SpaceGUI/local_setup.bash
-- Installing: /home/cameron/SpaceGUI/src/install/SpaceGUI/share/SpaceGUI/local_setup.sh
-- Installing: /home/cameron/SpaceGUI/src/install/SpaceGUI/share/SpaceGUI/local_setup.zsh
-- Installing: /home/cameron/SpaceGUI/src/install/SpaceGUI/share/SpaceGUI/local_setup.dsv
-- Installing: /home/cameron/SpaceGUI/src/install/SpaceGUI/share/SpaceGUI/package.dsv
-- Installing: /home/cameron/SpaceGUI/src/install/SpaceGUI/share/ament_index/resource_index/packages/SpaceGUI
-- Installing: /home/cameron/SpaceGUI/src/install/SpaceGUI/share/SpaceGUI/cmake/SpaceGUIConfig.cmake
-- Installing: /home/cameron/SpaceGUI/src/install/SpaceGUI/share/SpaceGUI/cmake/SpaceGUIConfig-version.cmake
-- Installing: /home/cameron/SpaceGUI/src/install/SpaceGUI/share/SpaceGUI/package.xml
