[0.009s] Invoking command in '/home/cameron/SpaceGUI/src/build/SpaceGUI': CMAKE_PREFIX_PATH=/opt/ros/humble /usr/bin/cmake /home/cameron/SpaceGUI/src/SpaceGUI -DCMAKE_INSTALL_PREFIX=/home/cameron/SpaceGUI/src/install/SpaceGUI
[0.018s] -- Found ament_cmake: 1.3.12 (/opt/ros/humble/share/ament_cmake/cmake)
[0.108s] -- Found rclcpp: 16.0.14 (/opt/ros/humble/share/rclcpp/cmake)
[0.128s] -- Found rosidl_generator_c: 3.1.7 (/opt/ros/humble/share/rosidl_generator_c/cmake)
[0.130s] -- Found rosidl_adapter: 3.1.7 (/opt/ros/humble/share/rosidl_adapter/cmake)
[0.133s] -- Found rosidl_generator_cpp: 3.1.7 (/opt/ros/humble/share/rosidl_generator_cpp/cmake)
[0.139s] -- Using all available rosidl_typesupport_c: rosidl_typesupport_fastrtps_c;rosidl_typesupport_introspection_c
[0.147s] -- Using all available rosidl_typesupport_cpp: rosidl_typesupport_fastrtps_cpp;rosidl_typesupport_introspection_cpp
[0.168s] -- Found rmw_implementation_cmake: 6.1.2 (/opt/ros/humble/share/rmw_implementation_cmake/cmake)
[0.169s] -- Found rmw_fastrtps_cpp: 6.2.8 (/opt/ros/humble/share/rmw_fastrtps_cpp/cmake)
[0.250s] -- Using RMW implementation 'rmw_fastrtps_cpp' as default
[0.282s] -- Found sensor_msgs: 4.9.0 (/opt/ros/humble/share/sensor_msgs/cmake)
[0.300s] -- Found nav_msgs: 4.9.0 (/opt/ros/humble/share/nav_msgs/cmake)
[0.323s] -- Performing Test HAVE_STDATOMIC
[0.415s] -- Performing Test HAVE_STDATOMIC - Success
[0.416s] -- Found WrapAtomic: TRUE  
[0.441s] -- Found OpenGL: /usr/lib/x86_64-linux-gnu/libOpenGL.so   
[0.442s] -- Found WrapOpenGL: TRUE  
[0.489s] -- Found XKB: /usr/lib/x86_64-linux-gnu/libxkbcommon.so (found suitable version "1.4.0", minimum required is "0.5.0") 
[0.492s] -- Found WrapVulkanHeaders: /usr/include  
[0.522s] -- Found ament_lint_auto: 0.12.14 (/opt/ros/humble/share/ament_lint_auto/cmake)
[0.561s] WARNING: Package name "SpaceGUI" does not follow the naming conventions. It should start with a lower case letter and only contain lower case letters, digits, underscores, and dashes.
[0.584s] -- Added test 'cppcheck' to perform static code analysis on C / C++ code
[0.584s] -- Configured cppcheck include dirs: $<BUILD_INTERFACE:/home/cameron/SpaceGUI/src/SpaceGUI/include>
[0.584s] -- Configured cppcheck exclude dirs and/or files: 
[0.584s] -- Added test 'lint_cmake' to check CMake code style
[0.585s] -- Added test 'uncrustify' to check C / C++ code style
[0.585s] -- Configured uncrustify additional arguments: 
[0.585s] -- Added test 'xmllint' to check XML markup files
[0.587s] -- Configuring done
[0.591s] -- Generating done
[0.593s] -- Build files have been written to: /home/cameron/SpaceGUI/src/build/SpaceGUI
[0.601s] Invoked command in '/home/cameron/SpaceGUI/src/build/SpaceGUI' returned '0': CMAKE_PREFIX_PATH=/opt/ros/humble /usr/bin/cmake /home/cameron/SpaceGUI/src/SpaceGUI -DCMAKE_INSTALL_PREFIX=/home/cameron/SpaceGUI/src/install/SpaceGUI
[0.602s] Invoking command in '/home/cameron/SpaceGUI/src/build/SpaceGUI': CMAKE_PREFIX_PATH=/opt/ros/humble /usr/bin/cmake --build /home/cameron/SpaceGUI/src/build/SpaceGUI -- -j20 -l20
[0.650s] [ 50%] [32mBuilding CXX object CMakeFiles/AstroGUI.dir/src/AstroGUI.cpp.o[0m
[0.677s] [100%] [32m[1mLinking CXX executable AstroGUI[0m
[0.734s] [100%] Built target AstroGUI
[0.743s] Invoked command in '/home/cameron/SpaceGUI/src/build/SpaceGUI' returned '0': CMAKE_PREFIX_PATH=/opt/ros/humble /usr/bin/cmake --build /home/cameron/SpaceGUI/src/build/SpaceGUI -- -j20 -l20
[0.753s] Invoking command in '/home/cameron/SpaceGUI/src/build/SpaceGUI': CMAKE_PREFIX_PATH=/opt/ros/humble /usr/bin/cmake --install /home/cameron/SpaceGUI/src/build/SpaceGUI
[0.760s] -- Install configuration: ""
[0.760s] -- Installing: /home/cameron/SpaceGUI/src/install/SpaceGUI/lib/SpaceGUI/AstroGUI
[0.760s] -- Installing: /home/cameron/SpaceGUI/src/install/SpaceGUI/share/ament_index/resource_index/package_run_dependencies/SpaceGUI
[0.760s] -- Installing: /home/cameron/SpaceGUI/src/install/SpaceGUI/share/ament_index/resource_index/parent_prefix_path/SpaceGUI
[0.760s] -- Installing: /home/cameron/SpaceGUI/src/install/SpaceGUI/share/SpaceGUI/environment/ament_prefix_path.sh
[0.760s] -- Installing: /home/cameron/SpaceGUI/src/install/SpaceGUI/share/SpaceGUI/environment/ament_prefix_path.dsv
[0.761s] -- Installing: /home/cameron/SpaceGUI/src/install/SpaceGUI/share/SpaceGUI/environment/path.sh
[0.761s] -- Installing: /home/cameron/SpaceGUI/src/install/SpaceGUI/share/SpaceGUI/environment/path.dsv
[0.761s] -- Installing: /home/cameron/SpaceGUI/src/install/SpaceGUI/share/SpaceGUI/local_setup.bash
[0.761s] -- Installing: /home/cameron/SpaceGUI/src/install/SpaceGUI/share/SpaceGUI/local_setup.sh
[0.761s] -- Installing: /home/cameron/SpaceGUI/src/install/SpaceGUI/share/SpaceGUI/local_setup.zsh
[0.761s] -- Installing: /home/cameron/SpaceGUI/src/install/SpaceGUI/share/SpaceGUI/local_setup.dsv
[0.761s] -- Installing: /home/cameron/SpaceGUI/src/install/SpaceGUI/share/SpaceGUI/package.dsv
[0.761s] -- Installing: /home/cameron/SpaceGUI/src/install/SpaceGUI/share/ament_index/resource_index/packages/SpaceGUI
[0.761s] -- Installing: /home/cameron/SpaceGUI/src/install/SpaceGUI/share/SpaceGUI/cmake/SpaceGUIConfig.cmake
[0.761s] -- Installing: /home/cameron/SpaceGUI/src/install/SpaceGUI/share/SpaceGUI/cmake/SpaceGUIConfig-version.cmake
[0.761s] -- Installing: /home/cameron/SpaceGUI/src/install/SpaceGUI/share/SpaceGUI/package.xml
[0.762s] Invoked command in '/home/cameron/SpaceGUI/src/build/SpaceGUI' returned '0': CMAKE_PREFIX_PATH=/opt/ros/humble /usr/bin/cmake --install /home/cameron/SpaceGUI/src/build/SpaceGUI
