[0.009s] Invoking command in '/home/cameron/SpaceGUI/src/build/SpaceGUI': CMAKE_PREFIX_PATH=/opt/ros/humble /usr/bin/cmake /home/cameron/SpaceGUI/src/SpaceGUI -DCMAKE_INSTALL_PREFIX=/home/cameron/SpaceGUI/src/install/SpaceGUI
[0.076s] -- The C compiler identification is GNU 11.4.0
[0.128s] -- The CXX compiler identification is GNU 11.4.0
[0.136s] -- Detecting C compiler ABI info
[0.187s] -- Detecting C compiler ABI info - done
[0.191s] -- Check for working C compiler: /usr/bin/cc - skipped
[0.192s] -- Detecting C compile features
[0.192s] -- Detecting C compile features - done
[0.195s] -- Detecting CXX compiler ABI info
[0.257s] -- Detecting CXX compiler ABI info - done
[0.262s] -- Check for working CXX compiler: /usr/bin/c++ - skipped
[0.263s] -- Detecting CXX compile features
[0.263s] -- Detecting CXX compile features - done
[0.267s] -- Found ament_cmake: 1.3.12 (/opt/ros/humble/share/ament_cmake/cmake)
[0.385s] -- Found Python3: /usr/bin/python3 (found version "3.10.12") found components: Interpreter 
[0.463s] -- Found rclcpp: 16.0.14 (/opt/ros/humble/share/rclcpp/cmake)
[0.512s] -- Found rosidl_generator_c: 3.1.7 (/opt/ros/humble/share/rosidl_generator_c/cmake)
[0.516s] -- Found rosidl_adapter: 3.1.7 (/opt/ros/humble/share/rosidl_adapter/cmake)
[0.524s] -- Found rosidl_generator_cpp: 3.1.7 (/opt/ros/humble/share/rosidl_generator_cpp/cmake)
[0.536s] -- Using all available rosidl_typesupport_c: rosidl_typesupport_fastrtps_c;rosidl_typesupport_introspection_c
[0.554s] -- Using all available rosidl_typesupport_cpp: rosidl_typesupport_fastrtps_cpp;rosidl_typesupport_introspection_cpp
[0.598s] -- Found rmw_implementation_cmake: 6.1.2 (/opt/ros/humble/share/rmw_implementation_cmake/cmake)
[0.600s] -- Found rmw_fastrtps_cpp: 6.2.8 (/opt/ros/humble/share/rmw_fastrtps_cpp/cmake)
[0.687s] -- Found OpenSSL: /usr/lib/x86_64-linux-gnu/libcrypto.so (found version "3.0.2")  
[0.720s] -- Found FastRTPS: /opt/ros/humble/include  
[0.757s] -- Using RMW implementation 'rmw_fastrtps_cpp' as default
[0.766s] -- Looking for pthread.h
[0.820s] -- Looking for pthread.h - found
[0.820s] -- Performing Test CMAKE_HAVE_LIBC_PTHREAD
[0.878s] -- Performing Test CMAKE_HAVE_LIBC_PTHREAD - Success
[0.879s] -- Found Threads: TRUE  
[0.927s] -- Found sensor_msgs: 4.9.0 (/opt/ros/humble/share/sensor_msgs/cmake)
[0.958s] -- Found nav_msgs: 4.9.0 (/opt/ros/humble/share/nav_msgs/cmake)
[0.979s] [31mCMake Error at CMakeLists.txt:19 (find_package):
[0.979s]   By not providing "FindQt6.cmake" in CMAKE_MODULE_PATH this project has
[0.979s]   asked CMake to find a package configuration file provided by "Qt6", but
[0.979s]   CMake did not find one.
[0.979s] 
[0.980s]   Could not find a package configuration file provided by "Qt6" with any of
[0.980s]   the following names:
[0.980s] 
[0.980s]     Qt6Config.cmake
[0.980s]     qt6-config.cmake
[0.980s] 
[0.980s]   Add the installation prefix of "Qt6" to CMAKE_PREFIX_PATH or set "Qt6_DIR"
[0.980s]   to a directory containing one of the above files.  If "Qt6" provides a
[0.980s]   separate development package or SDK, be sure it has been installed.
[0.980s] 
[0.980s] [0m
[0.980s] -- Configuring incomplete, errors occurred!
[0.980s] See also "/home/cameron/SpaceGUI/src/build/SpaceGUI/CMakeFiles/CMakeOutput.log".
[0.986s] Invoked command in '/home/cameron/SpaceGUI/src/build/SpaceGUI' returned '1': CMAKE_PREFIX_PATH=/opt/ros/humble /usr/bin/cmake /home/cameron/SpaceGUI/src/SpaceGUI -DCMAKE_INSTALL_PREFIX=/home/cameron/SpaceGUI/src/install/SpaceGUI
